<?xml version="1.0" encoding="UTF-8"?>
<!-- Generated by org.testng.reporters.JUnitReportReporter -->
<testsuite hostname="LAPTOP-RCPBVN47" failures="0" tests="1" name="test.Excercisev1PageFactory.ServicePageTest" time="43.220" errors="0" timestamp="2021-06-09T11:11:06 UYT" skipped="0">
  <testcase classname="test.Excercisev1PageFactory.ServicePageTest" name="NavigateTabs" time="43.220"/>
  <system-out/>
</testsuite> <!-- test.Excercisev1PageFactory.ServicePageTest -->
