<?xml version="1.0" encoding="UTF-8"?>
<!-- Generated by org.testng.reporters.JUnitReportReporter -->
<testsuite hostname="LAPTOP-RCPBVN47" failures="0" tests="3" name="stepsDefinition.LoginStepsDefinition" time="27.873" errors="0" timestamp="2021-06-16T15:59:58 UYT" skipped="0">
  <testcase classname="stepsDefinition.LoginStepsDefinition" name="user_send_login_data_and_click_login_button" time="14.056"/>
  <system-out/>
  <testcase classname="stepsDefinition.LoginStepsDefinition" name="user_is_redirected_to_home_page" time="2.114"/>
  <system-out/>
  <testcase classname="stepsDefinition.LoginStepsDefinition" name="user_is_on_salesforce_login_page" time="11.703"/>
  <system-out/>
</testsuite> <!-- stepsDefinition.LoginStepsDefinition -->
