<?xml version="1.0" encoding="UTF-8"?>
<!-- Generated by org.testng.reporters.JUnitReportReporter -->
<testsuite hostname="LAPTOP-RCPBVN47" failures="0" tests="1" name="test.Excercisev1PageFactory.ServicePageNavigationTest" time="70.051" errors="0" timestamp="2021-06-21T16:24:00 UYT" skipped="0">
  <testcase classname="test.Excercisev1PageFactory.ServicePageNavigationTest" name="NavigateTabs" time="70.051"/>
  <system-out/>
</testsuite> <!-- test.Excercisev1PageFactory.ServicePageNavigationTest -->
