<?xml version="1.0" encoding="UTF-8"?>
<!-- Generated by org.testng.reporters.JUnitReportReporter -->
<testsuite hostname="LAPTOP-RCPBVN47" failures="0" tests="1" name="test.Excercisev1PageFactory.LoginPageTest" time="22.633" errors="0" timestamp="2021-06-08T17:41:11 UYT" skipped="0">
  <testcase classname="test.Excercisev1PageFactory.LoginPageTest" name="SendData" time="22.633"/>
  <system-out/>
</testsuite> <!-- test.Excercisev1PageFactory.LoginPageTest -->
