<?xml version="1.0" encoding="UTF-8"?>
<!-- Generated by org.testng.reporters.JUnitReportReporter -->
<testsuite hostname="LAPTOP-RCPBVN47" failures="0" tests="3" name="test.Excercisev1PageFactory.CreateAccountsTest" time="49.357" errors="0" timestamp="2021-06-21T16:24:00 UYT" skipped="0">
  <testcase classname="test.Excercisev1PageFactory.CreateAccountsTest" name="CreateRecords" time="25.820"/>
  <system-out/>
  <testcase classname="test.Excercisev1PageFactory.CreateAccountsTest" name="CreateRecords" time="20.162"/>
  <system-out/>
  <testcase classname="test.Excercisev1PageFactory.CreateAccountsTest" name="CreateNullAccount" time="3.375"/>
  <system-out/>
</testsuite> <!-- test.Excercisev1PageFactory.CreateAccountsTest -->
