<?xml version="1.0" encoding="UTF-8"?>
<!-- Generated by org.testng.reporters.JUnitReportReporter -->
<testsuite hostname="LAPTOP-RCPBVN47" failures="0" tests="2" name="test.Excercisev1PageFactory.ModifyAccountTest" time="25.457" errors="0" timestamp="2021-06-09T16:17:39 UYT" skipped="0">
  <testcase classname="test.Excercisev1PageFactory.ModifyAccountTest" name="ModifyAccount" time="19.127"/>
  <system-out/>
  <testcase classname="test.Excercisev1PageFactory.ModifyAccountTest" name="InvalidModification" time="6.330"/>
  <system-out/>
</testsuite> <!-- test.Excercisev1PageFactory.ModifyAccountTest -->
