<?xml version="1.0" encoding="UTF-8"?>
<!-- Generated by org.testng.reporters.JUnitReportReporter -->
<testsuite hostname="LAPTOP-RCPBVN47" failures="0" tests="2" name="test.Excercisev1PageFactory.ModifyAccountTest" time="29.867" errors="0" timestamp="2021-06-21T16:24:00 UYT" skipped="0">
  <testcase classname="test.Excercisev1PageFactory.ModifyAccountTest" name="InvalidModification" time="5.559"/>
  <system-out/>
  <testcase classname="test.Excercisev1PageFactory.ModifyAccountTest" name="ModifyAccount" time="24.308"/>
  <system-out/>
</testsuite> <!-- test.Excercisev1PageFactory.ModifyAccountTest -->
