<?xml version="1.0" encoding="UTF-8"?>
<!-- Generated by org.testng.reporters.JUnitReportReporter -->
<testsuite hostname="LAPTOP-RCPBVN47" failures="0" tests="6" name="test.Excercisev1PageFactory.TestRunner" time="316.446" errors="0" timestamp="2021-06-23T12:39:47 UYT" skipped="0">
  <testcase classname="test.Excercisev1PageFactory.TestRunner" name="runScenario" time="43.397"/>
  <system-out/>
  <testcase classname="test.Excercisev1PageFactory.TestRunner" name="runScenario" time="78.172"/>
  <system-out/>
  <testcase classname="test.Excercisev1PageFactory.TestRunner" name="runScenario" time="30.052"/>
  <system-out/>
  <testcase classname="test.Excercisev1PageFactory.TestRunner" name="runScenario" time="45.017"/>
  <system-out/>
  <testcase classname="test.Excercisev1PageFactory.TestRunner" name="runScenario" time="79.470"/>
  <system-out/>
  <testcase classname="test.Excercisev1PageFactory.TestRunner" name="runScenario" time="40.338"/>
  <system-out/>
</testsuite> <!-- test.Excercisev1PageFactory.TestRunner -->
