<?xml version="1.0" encoding="UTF-8"?>
<!-- Generated by org.testng.reporters.JUnitReportReporter -->
<testsuite hostname="LAPTOP-RCPBVN47" failures="0" tests="1" name="test.Excercisev1PageFactory.CreateContactTest" time="22.487" errors="0" timestamp="2021-06-09T15:56:10 UYT" skipped="0">
  <testcase classname="test.Excercisev1PageFactory.CreateContactTest" name="CreateContactRec" time="22.487"/>
  <system-out/>
</testsuite> <!-- test.Excercisev1PageFactory.CreateContactTest -->
