<?xml version="1.0" encoding="UTF-8"?>
<!-- Generated by org.testng.reporters.JUnitReportReporter -->
<testsuite hostname="LAPTOP-RCPBVN47" failures="0" tests="3" name="test.Excercisev1PageFactory.CreateAccountsTest" time="49.734" errors="0" timestamp="2021-06-09T15:56:10 UYT" skipped="0">
  <testcase classname="test.Excercisev1PageFactory.CreateAccountsTest" name="CreateNullAccount" time="3.299"/>
  <system-out/>
  <testcase classname="test.Excercisev1PageFactory.CreateAccountsTest" name="CreateRecords" time="21.005"/>
  <system-out/>
  <testcase classname="test.Excercisev1PageFactory.CreateAccountsTest" name="CreateRecords" time="25.430"/>
  <system-out/>
</testsuite> <!-- test.Excercisev1PageFactory.CreateAccountsTest -->
